<?xml version="1.0" encoding="UTF-8"?>
<testsuite xmlns:xsi="http://www.w3.org/2001/XMLSchema-instance" xsi:noNamespaceSchemaLocation="https://maven.apache.org/surefire/maven-surefire-plugin/xsd/surefire-test-report.xsd" version="3.0.2" name="com.v1rex.liftnexus.config.OpenApiGeneratorTest" time="2.446" tests="1" errors="0" skipped="0" failures="0" flakes="0">
  <properties>
[...]
</properties>
  <testcase name="generateOpenApiSpec" classname="OpenAPI Spec Generator" time="0.72">
    <system-out><![CDATA[2026-06-03 14:38:42 [main] INFO  o.s.t.c.s.AnnotationConfigContextLoaderUtils - [JobId: None] - Could not detect default configuration classes for test class [com.v1rex.liftnexus.config.OpenApiGeneratorTest]: OpenApiGeneratorTest does not declare any static, non-private, non-final, nested classes annotated with @Configuration.
2026-06-03 14:38:42 [main] INFO  o.s.b.t.c.SpringBootTestContextBootstrapper - [JobId: None] - Found @SpringBootConfiguration com.v1rex.liftnexus.LiftNexusApplication for test class com.v1rex.liftnexus.config.OpenApiGeneratorTest
2026-06-03 14:38:42 [main] INFO  o.s.t.c.s.AnnotationConfigContextLoaderUtils - [JobId: None] - Could not detect default configuration classes for test class [com.v1rex.liftnexus.config.OpenApiGeneratorTest]: OpenApiGeneratorTest does not declare any static, non-private, non-final, nested classes annotated with @Configuration.
2026-06-03 14:38:42 [main] INFO  o.s.b.t.c.SpringBootTestContextBootstrapper - [JobId: None] - Found @SpringBootConfiguration com.v1rex.liftnexus.LiftNexusApplication for test class com.v1rex.liftnexus.config.OpenApiGeneratorTest

  .   ____          _            __ _ _
 /\\ / ___'_ __ _ _(_)_ __  __ _ \ \ \ \
( ( )\___ | '_ | '_| | '_ \/ _` | \ \ \ \
 \\/  ___)| |_)| | | | | || (_| |  ) ) ) )
  '  |____| .__|_| |_|_| |_\__, | / / / /
 =========|_|==============|___/=/_/_/_/

 :: Spring Boot ::                (v4.0.5)


MockHttpServletRequest:
      HTTP Method = GET
      Request URI = /v3/api-docs
       Parameters = {}
          Headers = []
             Body = null
    Session Attrs = {}

Handler:
             Type = org.springdoc.webmvc.api.OpenApiWebMvcResource
           Method = org.springdoc.webmvc.api.OpenApiWebMvcResource#openapiJson(HttpServletRequest, String, Locale)

Async:
    Async started = false
     Async result = null

Resolved Exception:
             Type = null

ModelAndView:
        View name = null
             View = null
            Model = null

FlashMap:
       Attributes = null

MockHttpServletResponse:
           Status = 200
    Error message = null
          Headers = [Content-Type:"application/json", Content-Length:"28691"]
     Content type = application/json
             Body = {"openapi":"3.1.0","info":{"title":"LiftNexus API Engine","description":"High-performance asynchronous optimization and dispatching engine for intralogistics assets using Timefold.","contact":{"name":"Mohamed Amine Bahij","url":"https://github.com/v1rex","email":"medaminebahij02@gmail.com"},"license":{"name":"Apache License 2.0","url":"http://www.apache.org/licenses/LICENSE-2.0"},"version":"0.0.1-SNAPSHOT"},"servers":[{"url":"http://localhost:8080","description":"Local Development Server"}],"tags":[{"name":"Dispatcher","description":"Submit and manage Timefold optimization jobs"},{"name":"Transport Orders","description":"Manage transport orders for moving loads across the warehouse"},{"name":"Load Units","description":"Manage load units (pallets, containers) and their tracking"},{"name":"Storage Bins","description":"Manage warehouse storage bin locations and coordinates"},{"name":"Forklifts","description":"Manage forklift assets and their operational status"},{"name":"Forklift Types","description":"Manage forklift type catalog (models, capacity, equipment)"}],"paths":{"/api/v1/transport-orders/{id}/status":{"put":{"tags":["Transport Orders"],"summary":"Update transport order status","description":"Updates the status of a transport order along the lifecycle: OPEN → ASSIGNED → IN_PROGRESS → COMPLETED/FAILED.","operationId":"updateOrderStatus","parameters":[{"name":"id","in":"path","required":true,"schema":{"type":"integer","format":"int64"}}],"requestBody":{"content":{"application/json":{"schema":{"$ref":"#/components/schemas/TransportOrderStatusUpdateRequest"}}},"required":true},"responses":{"200":{"description":"Status updated","content":{"*/*":{"schema":{"$ref":"#/components/schemas/TransportOrderResponse"}}}},"400":{"description":"Invalid state transition"},"404":{"description":"Transport order not found"}}}},"/api/v1/forklifts/{id}/location":{"put":{"tags":["Forklifts"],"summary":"Update forklift location","description":"Moves a forklift to a different storage bin location.","operationId":"updateForkliftLocation","parameters":[{"name":"id","in":"path","required":true,"schema":{"type":"integer","format":"int64"}}],"requestBody":{"content":{"application/json":{"schema":{"$ref":"#/components/schemas/ForkliftLocationUpdateRequest"}}},"required":true},"responses":{"200":{"description":"Location updated","content":{"*/*":{"schema":{"$ref":"#/components/schemas/ForkliftResponse"}}}},"404":{"description":"Forklift or storage bin not found"}}}},"/api/v1/transport-orders":{"post":{"tags":["Transport Orders"],"summary":"Create a new transport order","description":"Creates a transport order to move a load unit from a source bin to a destination bin.","operationId":"createOrder","requestBody":{"content":{"application/json":{"schema":{"$ref":"#/components/schemas/TransportOrderRequest"}}},"required":true},"responses":{"201":{"description":"Transport order created","content":{"*/*":{"schema":{"$ref":"#/components/schemas/TransportOrderResponse"}}}},"400":{"description":"Invalid input"}}}},"/api/v1/storage-bins":{"get":{"tags":["Storage Bins"],"summary":"List all storage bins","description":"Returns a paginated list of all storage bins in the warehouse.","operationId":"findAllStorageBins","parameters":[{"name":"pageable","in":"query","required":true,"schema":{"$ref":"#/components/schemas/Pageable"}}],"responses":{"200":{"description":"Paginated list of storage bins","content":{"*/*":{"schema":{"$ref":"#/components/schemas/PageStorageBinResponse"}}}}}},"post":{"tags":["Storage Bins"],"summary":"Create a new storage bin","description":"Registers a new storage bin at a specific 3D coordinate with a zone type and weight capacity.","operationId":"createStorageBin","requestBody":{"content":{"application/json":{"schema":{"$ref":"#/components/schemas/StorageBinRequest"}}},"required":true},"responses":{"201":{"description":"Storage bin created","content":{"*/*":{"schema":{"$ref":"#/components/schemas/StorageBinResponse"}}}},"400":{"description":"Invalid input or coordinate already in use"},"409":{"description":"Bin code already exists"}}}},"/api/v1/load-units":{"get":{"tags":["Load Units"],"summary":"List all load units","description":"Returns a paginated list of all load units in the system.","operationId":"findAll","parameters":[{"name":"pageable","in":"query","required":true,"schema":{"$ref":"#/components/schemas/Pageable"}}],"responses":{"200":{"description":"Paginated list of load units","content":{"*/*":{"schema":{"$ref":"#/components/schemas/PageLoadUnitResponse"}}}}}},"post":{"tags":["Load Units"],"summary":"Register a new load unit","description":"Creates a new load unit with a unique tracking code, weight, initial status, and optional storage bin assignment.","operationId":"createLoadUnit","requestBody":{"content":{"application/json":{"schema":{"$ref":"#/components/schemas/LoadUnitRequest"}}},"required":true},"responses":{"201":{"description":"Load unit created","content":{"*/*":{"schema":{"$ref":"#/components/schemas/LoadUnitResponse"}}}},"400":{"description":"Invalid input"},"409":{"description":"Tracking code already exists"}}}},"/api/v1/forklifts":{"get":{"tags":["Forklifts"],"summary":"List all forklifts","description":"Returns a paginated list of all forklifts in the fleet.","operationId":"findAllForklifts","parameters":[{"name":"pageable","in":"query","required":true,"schema":{"$ref":"#/components/schemas/Pageable"}}],"responses":{"200":{"description":"Paginated list of forklifts","content":{"*/*":{"schema":{"$ref":"#/components/schemas/PageForkliftResponse"}}}}}},"post":{"tags":["Forklifts"],"summary":"Register a new forklift","description":"Creates a new forklift asset in the fleet.","operationId":"createForklift","requestBody":{"content":{"application/json":{"schema":{"$ref":"#/components/schemas/ForkliftRequest"}}},"required":true},"responses":{"201":{"description":"Forklift created","content":{"*/*":{"schema":{"$ref":"#/components/schemas/ForkliftResponse"}}}},"400":{"description":"Invalid input or business rule violation"},"409":{"description":"Fleet number already exists"}}}},"/api/v1/forklift-types":{"get":{"tags":["Forklift Types"],"summary":"List all forklift types","description":"Returns a paginated list of all available forklift types in the catalog.","operationId":"getAllForkliftTypes","parameters":[{"name":"pageable","in":"query","required":true,"schema":{"$ref":"#/components/schemas/Pageable"}}],"responses":{"200":{"description":"Paginated list of forklift types","content":{"*/*":{"schema":{"$ref":"#/components/schemas/PageForkliftTypeResponse"}}}}}},"post":{"tags":["Forklift Types"],"summary":"Create a new forklift type","description":"Registers a new forklift model/type in the catalog with its capacity and energy specifications.","operationId":"createForkliftType","requestBody":{"content":{"application/json":{"schema":{"$ref":"#/components/schemas/ForkliftTypeRequest"}}},"required":true},"responses":{"201":{"description":"Forklift type created","content":{"*/*":{"schema":{"$ref":"#/components/schemas/ForkliftTypeResponse"}}}},"400":{"description":"Invalid input"},"409":{"description":"Model name already exists"}}}},"/api/v1/dispatcher/jobs":{"post":{"tags":["Dispatcher"],"summary":"Submit a new optimization job","description":"Triggers the Timefold optimization engine to compute optimal forklift routing and task assignments asynchronously. Returns a job ID for tracking progress.","operationId":"submitJob","responses":{"202":{"description":"Optimization job accepted and queued","content":{"*/*":{"schema":{"type":"object","additionalProperties":{"type":"string","format":"uuid"}}}}}}}},"/api/v1/forklifts/{id}/status":{"patch":{"tags":["Forklifts"],"summary":"Update forklift operational status","description":"Changes the operational status of a forklift (e.g., ACTIVE, MAINTENANCE, CHARGING, OFFLINE).","operationId":"updateOperationalStatus","parameters":[{"name":"id","in":"path","required":true,"schema":{"type":"integer","format":"int64"}},{"name":"status","in":"query","required":true,"schema":{"type":"string","description":"Operational state of a forklift","enum":["ACTIVE","MAINTENANCE","CHARGING","OFFLINE"]}}],"responses":{"200":{"description":"Status updated","content":{"*/*":{"schema":{"$ref":"#/components/schemas/ForkliftResponse"}}}},"404":{"description":"Forklift not found"}}}},"/api/v1/transport-orders/{id}":{"get":{"tags":["Transport Orders"],"summary":"Get a transport order by ID","description":"Retrieves details of a specific transport order, including its source/destination bins and assigned forklift.","operationId":"getOrderById","parameters":[{"name":"id","in":"path","required":true,"schema":{"type":"integer","format":"int64"}}],"responses":{"200":{"description":"Transport order found","content":{"*/*":{"schema":{"$ref":"#/components/schemas/TransportOrderResponse"}}}},"404":{"description":"Transport order not found"}}}},"/api/v1/transport-orders/search":{"get":{"tags":["Transport Orders"],"summary":"Search transport orders","description":"Search transport orders by status and/or minimum weight. Returns a paginated result set.","operationId":"searchOrders","parameters":[{"name":"status","in":"query","description":"Filter by order status","required":false,"schema":{"type":"string","description":"Lifecycle status of a transport order","enum":["OPEN","ASSIGNED","IN_PROGRESS","COMPLETED","FAILED"]}},{"name":"minWeight","in":"query","description":"Minimum weight in kg","required":false,"schema":{"type":"integer","format":"int32","minimum":1}},{"name":"pageable","in":"query","required":true,"schema":{"$ref":"#/components/schemas/Pageable"}}],"responses":{"200":{"description":"Matching transport orders","content":{"*/*":{"schema":{"$ref":"#/components/schemas/PageTransportOrderResponse"}}}}}}},"/api/v1/storage-bins/{id}":{"get":{"tags":["Storage Bins"],"summary":"Get a storage bin by ID","description":"Retrieves a storage bin with its 3D coordinate and zone type.","operationId":"findById","parameters":[{"name":"id","in":"path","required":true,"schema":{"type":"integer","format":"int64"}}],"responses":{"200":{"description":"Storage bin found","content":{"*/*":{"schema":{"$ref":"#/components/schemas/StorageBinResponse"}}}},"404":{"description":"Storage bin not found"}}}},"/api/v1/load-units/{id}":{"get":{"tags":["Load Units"],"summary":"Get a load unit by ID","description":"Retrieves details of a specific load unit.","operationId":"findById_1","parameters":[{"name":"id","in":"path","required":true,"schema":{"type":"integer","format":"int64"}}],"responses":{"200":{"description":"Load unit found","content":{"*/*":{"schema":{"$ref":"#/components/schemas/LoadUnitResponse"}}}},"404":{"description":"Load unit not found"}}}},"/api/v1/load-units/tracking/{trackingCode}":{"get":{"tags":["Load Units"],"summary":"Find a load unit by tracking code","description":"Retrieves a load unit using its unique tracking code.","operationId":"findByTrackingCode","parameters":[{"name":"trackingCode","in":"path","required":true,"schema":{"type":"string"}}],"responses":{"200":{"description":"Load unit found","content":{"*/*":{"schema":{"$ref":"#/components/schemas/LoadUnitResponse"}}}},"404":{"description":"Load unit not found"}}}},"/api/v1/load-units/status/{status}":{"get":{"tags":["Load Units"],"summary":"Filter load units by status","description":"Returns a paginated list of load units filtered by their current status (e.g., STORED, IN_TRANSIT).","operationId":"findByStatus","parameters":[{"name":"status","in":"path","description":"Load unit status to filter by","required":true,"schema":{"type":"string","description":"Lifecycle status of a load unit","enum":["EXPECTED","STAGED","STORED","IN_TRANSIT","SHIPPED"]}},{"name":"pageable","in":"query","required":true,"schema":{"$ref":"#/components/schemas/Pageable"}}],"responses":{"200":{"description":"Matching load units","content":{"*/*":{"schema":{"$ref":"#/components/schemas/PageLoadUnitResponse"}}}}}}},"/api/v1/forklifts/{id}":{"get":{"tags":["Forklifts"],"summary":"Get a forklift by ID","description":"Retrieves details of a specific forklift, including its current status, battery level, and assigned transport orders.","operationId":"getForkliftById","parameters":[{"name":"id","in":"path","required":true,"schema":{"type":"integer","format":"int64"}}],"responses":{"200":{"description":"Forklift found","content":{"*/*":{"schema":{"$ref":"#/components/schemas/ForkliftResponse"}}}},"404":{"description":"Forklift not found"}}}},"/api/v1/forklifts/search":{"get":{"tags":["Forklifts"],"summary":"Search forklifts by capacity or status","description":"Filters forklifts by minimum capacity or operational status. If no filter is provided, returns all forklifts.","operationId":"findWithCapacity","parameters":[{"name":"minCapacity","in":"query","description":"Minimum capacity in kg","required":false,"schema":{"type":"integer","format":"int32","minimum":1}},{"name":"status","in":"query","description":"Filter by operational status","required":false,"schema":{"type":"string","description":"Operational state of a forklift","enum":["ACTIVE","MAINTENANCE","CHARGING","OFFLINE"]}},{"name":"pageable","in":"query","required":true,"schema":{"$ref":"#/components/schemas/Pageable"}}],"responses":{"200":{"description":"Matching forklifts","content":{"*/*":{"schema":{"$ref":"#/components/schemas/PageForkliftResponse"}}}}}}},"/api/v1/forklift-types/{id}":{"get":{"tags":["Forklift Types"],"summary":"Get a forklift type by ID","description":"Retrieves details of a specific forklift type/model.","operationId":"getForkliftTypeById","parameters":[{"name":"id","in":"path","required":true,"schema":{"type":"integer","format":"int64"}}],"responses":{"200":{"description":"Forklift type found","content":{"*/*":{"schema":{"$ref":"#/components/schemas/ForkliftTypeResponse"}}}},"404":{"description":"Forklift type not found"}}}},"/api/v1/dispatcher/jobs/{jobId}":{"get":{"tags":["Dispatcher"],"summary":"Get optimization job status","description":"Retrieves the current status and result of a previously submitted optimization job.","operationId":"getJobStatus","parameters":[{"name":"jobId","in":"path","required":true,"schema":{"type":"string","format":"uuid"}}],"responses":{"200":{"description":"Job status retrieved","content":{"*/*":{"schema":{"$ref":"#/components/schemas/DispatchJobResponse"}}}},"404":{"description":"Job not found"}}},"delete":{"tags":["Dispatcher"],"summary":"Terminate an optimization job","description":"Aborts a running or queued optimization job. Jobs that have already completed will remain in COMPLETED state.","operationId":"terminateJob","parameters":[{"name":"jobId","in":"path","required":true,"schema":{"type":"string","format":"uuid"}}],"responses":{"204":{"description":"Job terminated"},"404":{"description":"Job not found"}}}}},"components":{"schemas":{"TransportOrderStatusUpdateRequest":{"type":"object","description":"Request payload for updating the status of a transport order","properties":{"status":{"type":"string","description":"New status for the transport order","enum":["OPEN","ASSIGNED","IN_PROGRESS","COMPLETED","FAILED"],"example":"IN_PROGRESS"}},"required":["status"]},"TransportOrderResponse":{"type":"object","description":"Detailed view of a transport order","properties":{"id":{"type":"integer","format":"int64","description":"Unique identifier","example":1},"trackingCode":{"type":"string","description":"Tracking code of the referenced load unit","example":"LU-2024-001"},"targetLoadUnitId":{"type":"integer","format":"int64","description":"ID of the load unit being transported","example":1},"targetBinId":{"type":"integer","format":"int64","description":"ID of the destination storage bin","example":12},"sourceBinId":{"type":"integer","format":"int64","description":"ID of the source/pickup storage bin","example":5},"requiredEquipment":{"type":"string","description":"Required equipment type","enum":["PALLET_JACK","STANDARD","REACH_TRUCK","SIDE_LOADER"]},"status":{"type":"string","description":"Current status of the transport order","enum":["OPEN","ASSIGNED","IN_PROGRESS","COMPLETED","FAILED"]},"assignedForkliftId":{"type":"integer","format":"int64","description":"ID of the forklift assigned to this order","example":2}}},"ForkliftLocationUpdateRequest":{"type":"object","description":"Request payload for updating a forklift's location","properties":{"locationId":{"type":"integer","format":"int64","description":"ID of the destination storage bin","example":7}},"required":["locationId"]},"ForkliftResponse":{"type":"object","description":"Detailed view of a forklift asset","properties":{"id":{"type":"integer","format":"int64","description":"Unique identifier","example":1},"fleetNumber":{"type":"string","description":"Unique fleet number","example":"FL-0042"},"forkliftTypeId":{"type":"integer","format":"int64","description":"ID of the assigned forklift type","example":1},"modelName":{"type":"string","description":"Human-readable model name from the forklift type","example":"Toyota BT Staxio"},"equipmentType":{"type":"string","description":"Type of material handling equipment","enum":["PALLET_JACK","STANDARD","REACH_TRUCK","SIDE_LOADER"]},"maxCapacityKg":{"type":"integer","format":"int32","description":"Maximum carrying capacity in kg","example":1500},"currentStorageBinId":{"type":"integer","format":"int64","description":"ID of the current storage bin location","example":3},"status":{"type":"string","description":"Current operational status","enum":["ACTIVE","MAINTENANCE","CHARGING","OFFLINE"]},"currentBatteryPercentage":{"type":"number","format":"double","description":"Current battery level percentage","example":"72.3"},"transportOrderIds":{"type":"array","description":"IDs of currently assigned transport orders","example":[10,11],"items":{"type":"integer","format":"int64"}}}},"TransportOrderRequest":{"type":"object","description":"Request payload for creating a new transport order","properties":{"targetLoadUnitId":{"type":"integer","format":"int64","description":"ID of the load unit to transport","example":1},"sourceBinId":{"type":"integer","format":"int64","description":"ID of the source/pickup storage bin","example":5},"destinationBinId":{"type":"integer","format":"int64","description":"ID of the destination/drop-off storage bin","example":12},"requiredEquipment":{"type":"string","description":"Required equipment type for this transport (nullable)","enum":["PALLET_JACK","STANDARD","REACH_TRUCK","SIDE_LOADER"]}},"required":["destinationBinId","sourceBinId","targetLoadUnitId"]},"CoordinateDto":{"type":"object","description":"3D coordinate representing a location in the warehouse (aisle, bay, tier)","properties":{"x":{"type":"integer","format":"int32","description":"Aisle number","example":1},"y":{"type":"integer","format":"int32","description":"Bay/column number within the aisle","example":2},"z":{"type":"integer","format":"int32","description":"Tier/level number","example":3}},"required":["x","y","z"]},"StorageBinRequest":{"type":"object","description":"Request payload for creating a new storage bin","properties":{"binCode":{"type":"string","description":"Human-readable bin identifier (e.g., A-01-02-03)","example":"A-01-02-03"},"coordinate":{"$ref":"#/components/schemas/CoordinateDto","description":"3D warehouse coordinates (aisle, bay, tier)"},"zoneType":{"type":"string","description":"Functional zone of the storage bin","enum":["STORAGE","STAGING_IN","STAGING_OUT","CHARGING_STATION","HAZMAT"]},"maxWeightCapacityKg":{"type":"integer","format":"int32","description":"Maximum weight capacity in kg","example":2000,"minimum":0}},"required":["binCode","coordinate","maxWeightCapacityKg","zoneType"]},"StorageBinResponse":{"type":"object","description":"Detailed view of a storage bin location","properties":{"id":{"type":"integer","format":"int64","description":"Unique identifier","example":1},"binCode":{"type":"string","description":"Human-readable bin identifier","example":"A-01-02-03"},"coordinate":{"$ref":"#/components/schemas/CoordinateDto","description":"3D warehouse coordinates"},"zoneType":{"type":"string","description":"Functional zone of the storage bin","enum":["STORAGE","STAGING_IN","STAGING_OUT","CHARGING_STATION","HAZMAT"]},"maxWeightCapacityKg":{"type":"integer","format":"int32","description":"Maximum weight capacity in kg","example":2000}}},"LoadUnitRequest":{"type":"object","description":"Request payload for registering a new load unit","properties":{"trackingCode":{"type":"string","description":"Unique tracking code for the load unit","example":"LU-2024-001","minLength":1},"weightKg":{"type":"integer","format":"int32","description":"Weight of the load unit in kg","example":450,"minimum":0},"status":{"type":"string","description":"Initial status of the load unit","enum":["EXPECTED","STAGED","STORED","IN_TRANSIT","SHIPPED"]},"currentStorageBinId":{"type":"integer","format":"int64","description":"ID of the storage bin where the unit is placed (nullable)","example":3}},"required":["status","trackingCode"]},"LoadUnitResponse":{"type":"object","description":"Detailed view of a load unit","properties":{"id":{"type":"integer","format":"int64","description":"Unique identifier","example":1},"trackingCode":{"type":"string","description":"Unique tracking code","example":"LU-2024-001"},"weightKg":{"type":"integer","format":"int32","description":"Weight in kg","example":450},"status":{"type":"string","description":"Current lifecycle status of the load unit","enum":["EXPECTED","STAGED","STORED","IN_TRANSIT","SHIPPED"]},"currentStorageBinId":{"type":"integer","format":"int64","description":"ID of the storage bin where the unit is located","example":3},"version":{"type":"integer","format":"int64","description":"Optimistic locking version number","example":0}}},"ForkliftRequest":{"type":"object","description":"Request payload for registering a new forklift","properties":{"fleetNumber":{"type":"string","description":"Unique fleet number identifying the forklift","example":"FL-0042","minLength":1},"forkliftTypeId":{"type":"integer","format":"int64","description":"ID of the forklift type/model","example":1},"currentStorageBinId":{"type":"integer","format":"int64","description":"ID of the storage bin where the forklift is currently located","example":5},"status":{"type":"string","description":"Initial operational status","enum":["ACTIVE","MAINTENANCE","CHARGING","OFFLINE"],"example":"ACTIVE"},"currentBatteryPercentage":{"type":"number","format":"double","description":"Current battery level as a percentage (0-100)","example":"85.5"}},"required":["fleetNumber","forkliftTypeId"]},"ForkliftTypeRequest":{"type":"object","description":"Request payload for creating a new forklift type/model in the catalog","properties":{"modelName":{"type":"string","description":"Manufacturer model name","example":"Toyota BT Staxio","minLength":1},"equipmentType":{"type":"string","description":"Category of material handling equipment","enum":["PALLET_JACK","STANDARD","REACH_TRUCK","SIDE_LOADER"]},"maxCapacityKg":{"type":"integer","format":"int32","description":"Maximum safe load capacity in kg","example":1500},"totalBatteryCapacitykWh":{"type":"number","format":"double","description":"Total battery capacity in kWh","example":"48.0"},"baseEnergyConsumptionPerMeter":{"type":"number","format":"double","description":"Base energy consumption per meter travelled in kWh","example":"0.05"}},"required":["baseEnergyConsumptionPerMeter","equipmentType","maxCapacityKg","modelName","totalBatteryCapacitykWh"]},"ForkliftTypeResponse":{"type":"object","description":"Detailed view of a forklift type/model in the catalog","properties":{"id":{"type":"integer","format":"int64","description":"Unique identifier","example":1},"modelName":{"type":"string","description":"Manufacturer model name","example":"Toyota BT Staxio"},"equipmentType":{"type":"string","description":"Category of material handling equipment","enum":["PALLET_JACK","STANDARD","REACH_TRUCK","SIDE_LOADER"]},"maxCapacityKg":{"type":"integer","format":"int32","description":"Maximum safe load capacity in kg","example":1500},"totalBatteryCapacitykWh":{"type":"number","format":"double","description":"Total battery capacity in kWh","example":"48.0"},"baseEnergyConsumptionPerMeter":{"type":"number","format":"double","description":"Base energy consumption per meter in kWh","example":"0.05"}}},"Pageable":{"type":"object","properties":{"page":{"type":"integer","format":"int32","minimum":0},"size":{"type":"integer","format":"int32","minimum":1},"sort":{"type":"array","items":{"type":"string"}}}},"PageTransportOrderResponse":{"type":"object","properties":{"totalElements":{"type":"integer","format":"int64"},"totalPages":{"type":"integer","format":"int32"},"size":{"type":"integer","format":"int32"},"content":{"type":"array","items":{"$ref":"#/components/schemas/TransportOrderResponse"}},"number":{"type":"integer","format":"int32"},"sort":{"$ref":"#/components/schemas/SortObject"},"numberOfElements":{"type":"integer","format":"int32"},"pageable":{"$ref":"#/components/schemas/PageableObject"},"last":{"type":"boolean"},"first":{"type":"boolean"},"empty":{"type":"boolean"}}},"PageableObject":{"type":"object","properties":{"offset":{"type":"integer","format":"int64"},"sort":{"$ref":"#/components/schemas/SortObject"},"paged":{"type":"boolean"},"unpaged":{"type":"boolean"},"pageSize":{"type":"integer","format":"int32"},"pageNumber":{"type":"integer","format":"int32"}}},"SortObject":{"type":"object","properties":{"empty":{"type":"boolean"},"sorted":{"type":"boolean"},"unsorted":{"type":"boolean"}}},"PageStorageBinResponse":{"type":"object","properties":{"totalElements":{"type":"integer","format":"int64"},"totalPages":{"type":"integer","format":"int32"},"size":{"type":"integer","format":"int32"},"content":{"type":"array","items":{"$ref":"#/components/schemas/StorageBinResponse"}},"number":{"type":"integer","format":"int32"},"sort":{"$ref":"#/components/schemas/SortObject"},"numberOfElements":{"type":"integer","format":"int32"},"pageable":{"$ref":"#/components/schemas/PageableObject"},"last":{"type":"boolean"},"first":{"type":"boolean"},"empty":{"type":"boolean"}}},"PageLoadUnitResponse":{"type":"object","properties":{"totalElements":{"type":"integer","format":"int64"},"totalPages":{"type":"integer","format":"int32"},"size":{"type":"integer","format":"int32"},"content":{"type":"array","items":{"$ref":"#/components/schemas/LoadUnitResponse"}},"number":{"type":"integer","format":"int32"},"sort":{"$ref":"#/components/schemas/SortObject"},"numberOfElements":{"type":"integer","format":"int32"},"pageable":{"$ref":"#/components/schemas/PageableObject"},"last":{"type":"boolean"},"first":{"type":"boolean"},"empty":{"type":"boolean"}}},"PageForkliftResponse":{"type":"object","properties":{"totalElements":{"type":"integer","format":"int64"},"totalPages":{"type":"integer","format":"int32"},"size":{"type":"integer","format":"int32"},"content":{"type":"array","items":{"$ref":"#/components/schemas/ForkliftResponse"}},"number":{"type":"integer","format":"int32"},"sort":{"$ref":"#/components/schemas/SortObject"},"numberOfElements":{"type":"integer","format":"int32"},"pageable":{"$ref":"#/components/schemas/PageableObject"},"last":{"type":"boolean"},"first":{"type":"boolean"},"empty":{"type":"boolean"}}},"PageForkliftTypeResponse":{"type":"object","properties":{"totalElements":{"type":"integer","format":"int64"},"totalPages":{"type":"integer","format":"int32"},"size":{"type":"integer","format":"int32"},"content":{"type":"array","items":{"$ref":"#/components/schemas/ForkliftTypeResponse"}},"number":{"type":"integer","format":"int32"},"sort":{"$ref":"#/components/schemas/SortObject"},"numberOfElements":{"type":"integer","format":"int32"},"pageable":{"$ref":"#/components/schemas/PageableObject"},"last":{"type":"boolean"},"first":{"type":"boolean"},"empty":{"type":"boolean"}}},"DispatchJobResponse":{"type":"object","description":"View of a Timefold optimization job with its current state and results","properties":{"id":{"type":"string","format":"uuid","description":"Unique job identifier","example":"a1b2c3d4-e5f6-7890-abcd-ef1234567890"},"status":{"type":"string","description":"Current processing status of the optimization job","enum":["QUEUED","SOLVING","ABORTED","COMPLETED","FAILED"]},"createdAt":{"type":"string","format":"date-time","description":"Timestamp when the job was created"},"completedAt":{"type":"string","format":"date-time","description":"Timestamp when the job completed or failed (nullable)"},"finalScore":{"type":"string","description":"Final score from the Timefold solver (nullable before completion)","example":"0hard/0soft"}}}}}}
    Forwarded URL = null
   Redirected URL = null
          Cookies = []
]]></system-out>
    <system-err><![CDATA[14:38:42,970 |-WARN in ch.qos.logback.core.model.processor.AppenderModelHandler - Appender named [CONSOLE] not referenced. Skipping further processing.
]]></system-err>
  </testcase>
</testsuite>